<?xml version="1.0" encoding="UTF-8"?>
<testsuite name="Luma Test"
           tests="2"
           failures="0"
           errors="0"
           skipped="0"
           time="18.076">
  <properties />
  
  
            <testcase name="verifyProductAddedToShoppingCartSuccessFully" time="12.306" classname="com.tutorialsninja.testsuite.DesktopsPageTest" />
                <testcase name="verifyProductArrangeInAlphabeticalOrder" time="5.770" classname="com.tutorialsninja.testsuite.DesktopsPageTest" />
      
</testsuite>
