<?xml version="1.0" encoding="UTF-8"?>
<testsuite name="Luma Test"
           tests="2"
           failures="0"
           errors="0"
           skipped="0"
           time="5.146">
  <properties />
  
  
            <testcase name="verifyUserShouldNavigateToLoginPageSuccessfully" time="1.448" classname="com.tutorialsninja.testsuite.AccountLoginPageTest" />
                <testcase name="verifyThatUserShouldLoginAndLogoutSuccessfully" time="3.698" classname="com.tutorialsninja.testsuite.AccountLoginPageTest" />
      
</testsuite>
