<?xml version="1.0" encoding="UTF-8"?>
<testsuite name="Luma Test"
           tests="2"
           failures="0"
           errors="0"
           skipped="0"
           time="50.415">
  <properties />
  
  
            <testcase name="verifyUserShouldNavigateToLoginPageSuccessfully" time="22.073" classname="com.tutorialsninja.testsuite.AccountRegisterPageTest" />
                <testcase name="verifyThatUserShouldLoginAndLogoutSuccessfully" time="28.342" classname="com.tutorialsninja.testsuite.AccountRegisterPageTest" />
      
</testsuite>
